[ 2016-05-14T09:29:27+08:00 ] 127.0.0.1 /institute/admin
INFO: [ app_init ] --START--
INFO: Run Behavior\BuildLiteBehavior [ RunTime:0.000026s ]
INFO: [ app_init ] --END-- [ RunTime:0.000837s ]
INFO: [ app_begin ] --START--
INFO: Run Behavior\ReadHtmlCacheBehavior [ RunTime:0.000649s ]
INFO: [ app_begin ] --END-- [ RunTime:0.000742s ]

[ 2016-05-14T09:29:27+08:00 ] 127.0.0.1 /institute/index.php/Admin/Login/index.html
INFO: [ app_init ] --START--
INFO: Run Behavior\BuildLiteBehavior [ RunTime:0.000014s ]
INFO: [ app_init ] --END-- [ RunTime:0.000355s ]
INFO: [ app_begin ] --START--
INFO: Run Behavior\ReadHtmlCacheBehavior [ RunTime:0.000583s ]
INFO: [ app_begin ] --END-- [ RunTime:0.000649s ]
INFO: [ view_parse ] --START--
INFO: [ template_filter ] --START--
INFO: Run Behavior\ContentReplaceBehavior [ RunTime:0.000071s ]
INFO: [ template_filter ] --END-- [ RunTime:0.000160s ]
INFO: Run Behavior\ParseTemplateBehavior [ RunTime:0.022636s ]
INFO: [ view_parse ] --END-- [ RunTime:0.022719s ]
INFO: [ view_filter ] --START--
INFO: Run Behavior\WriteHtmlCacheBehavior [ RunTime:0.000461s ]
INFO: [ view_filter ] --END-- [ RunTime:0.000531s ]
INFO: [ app_end ] --START--
INFO: Run Behavior\ShowPageTraceBehavior [ RunTime:0.000703s ]
INFO: [ app_end ] --END-- [ RunTime:0.000776s ]

[ 2016-05-14T09:29:34+08:00 ] 127.0.0.1 /institute/index.php/Admin/Login/login.html
INFO: [ app_init ] --START--
INFO: Run Behavior\BuildLiteBehavior [ RunTime:0.000076s ]
INFO: [ app_init ] --END-- [ RunTime:0.002834s ]
INFO: [ app_begin ] --START--
INFO: Run Behavior\ReadHtmlCacheBehavior [ RunTime:0.003625s ]
INFO: [ app_begin ] --END-- [ RunTime:0.003963s ]
SQL: SHOW COLUMNS FROM `zz_admin` [ RunTime:0.0719s ]
SQL: SELECT * FROM `zz_admin` WHERE ( account = 'admin' ) LIMIT 1   [ RunTime:0.0007s ]
SQL: SHOW COLUMNS FROM `zz_log` [ RunTime:0.0694s ]
SQL: INSERT INTO `zz_log` (`user`,`ip`,`log`) VALUES ('admin','127.0.0.1','登录成功') [ RunTime:0.0353s ]

[ 2016-05-14T09:29:35+08:00 ] 127.0.0.1 /institute/index.php/Admin/Index/index.html
INFO: [ app_init ] --START--
INFO: Run Behavior\BuildLiteBehavior [ RunTime:0.000023s ]
INFO: [ app_init ] --END-- [ RunTime:0.000552s ]
INFO: [ app_begin ] --START--
INFO: Run Behavior\ReadHtmlCacheBehavior [ RunTime:0.000719s ]
INFO: [ app_begin ] --END-- [ RunTime:0.000817s ]
SQL: SHOW COLUMNS FROM `zz_log` [ RunTime:0.0155s ]
SQL: SELECT * FROM `zz_log` ORDER BY time desc  [ RunTime:0.0005s ]
INFO: [ view_parse ] --START--
INFO: [ template_filter ] --START--
INFO: Run Behavior\ContentReplaceBehavior [ RunTime:0.000250s ]
INFO: [ template_filter ] --END-- [ RunTime:0.000358s ]
NOTIC: [8] Undefined variable: page D:\phpStudy\WWW\institute\App\Runtime\Cache\Admin\9df924d9a2d217daa77a359c5bee0c33.php 第 209 行.
INFO: Run Behavior\ParseTemplateBehavior [ RunTime:0.194164s ]
INFO: [ view_parse ] --END-- [ RunTime:0.194254s ]
INFO: [ view_filter ] --START--
INFO: Run Behavior\WriteHtmlCacheBehavior [ RunTime:0.000457s ]
INFO: [ view_filter ] --END-- [ RunTime:0.000511s ]
INFO: [ app_end ] --START--
INFO: Run Behavior\ShowPageTraceBehavior [ RunTime:0.000731s ]
INFO: [ app_end ] --END-- [ RunTime:0.000811s ]

[ 2016-05-14T09:29:47+08:00 ] 127.0.0.1 /institute/index.php/Admin/User/index.html
INFO: [ app_init ] --START--
INFO: Run Behavior\BuildLiteBehavior [ RunTime:0.000080s ]
INFO: [ app_init ] --END-- [ RunTime:0.008438s ]
INFO: [ app_begin ] --START--
INFO: Run Behavior\ReadHtmlCacheBehavior [ RunTime:0.002034s ]
INFO: [ app_begin ] --END-- [ RunTime:0.002144s ]
SQL: SHOW COLUMNS FROM `zz_user` [ RunTime:0.1244s ]
SQL: SELECT COUNT(*) AS tp_count FROM `zz_user` LIMIT 1   [ RunTime:0.0005s ]
SQL: SELECT * FROM `zz_user` ORDER BY time desc LIMIT 0,8   [ RunTime:0.0004s ]
INFO: [ view_parse ] --START--
INFO: [ template_filter ] --START--
INFO: Run Behavior\ContentReplaceBehavior [ RunTime:0.000192s ]
INFO: [ template_filter ] --END-- [ RunTime:0.000282s ]
INFO: Run Behavior\ParseTemplateBehavior [ RunTime:0.129360s ]
INFO: [ view_parse ] --END-- [ RunTime:0.129495s ]
INFO: [ view_filter ] --START--
INFO: Run Behavior\WriteHtmlCacheBehavior [ RunTime:0.001560s ]
INFO: [ view_filter ] --END-- [ RunTime:0.001645s ]
INFO: [ app_end ] --START--
INFO: Run Behavior\ShowPageTraceBehavior [ RunTime:0.000994s ]
INFO: [ app_end ] --END-- [ RunTime:0.001099s ]

[ 2016-05-14T09:29:54+08:00 ] 127.0.0.1 /institute/index.php/Admin/User/add.html
INFO: [ app_init ] --START--
INFO: Run Behavior\BuildLiteBehavior [ RunTime:0.000023s ]
INFO: [ app_init ] --END-- [ RunTime:0.000519s ]
INFO: [ app_begin ] --START--
INFO: Run Behavior\ReadHtmlCacheBehavior [ RunTime:0.000614s ]
INFO: [ app_begin ] --END-- [ RunTime:0.000700s ]
INFO: [ view_parse ] --START--
INFO: [ template_filter ] --START--
INFO: Run Behavior\ContentReplaceBehavior [ RunTime:0.000253s ]
INFO: [ template_filter ] --END-- [ RunTime:0.000377s ]
INFO: Run Behavior\ParseTemplateBehavior [ RunTime:0.105686s ]
INFO: [ view_parse ] --END-- [ RunTime:0.105789s ]
INFO: [ view_filter ] --START--
INFO: Run Behavior\WriteHtmlCacheBehavior [ RunTime:0.000596s ]
INFO: [ view_filter ] --END-- [ RunTime:0.000672s ]
INFO: [ app_end ] --START--
INFO: Run Behavior\ShowPageTraceBehavior [ RunTime:0.005086s ]
INFO: [ app_end ] --END-- [ RunTime:0.005249s ]

[ 2016-05-14T09:29:58+08:00 ] 127.0.0.1 /institute/index.php/Admin/User/index.html
INFO: [ app_init ] --START--
INFO: Run Behavior\BuildLiteBehavior [ RunTime:0.000086s ]
INFO: [ app_init ] --END-- [ RunTime:0.094946s ]
INFO: [ app_begin ] --START--
INFO: Run Behavior\ReadHtmlCacheBehavior [ RunTime:0.005871s ]
INFO: [ app_begin ] --END-- [ RunTime:0.006193s ]
SQL: SHOW COLUMNS FROM `zz_user` [ RunTime:0.1486s ]
SQL: SELECT COUNT(*) AS tp_count FROM `zz_user` LIMIT 1   [ RunTime:0.0010s ]
SQL: SELECT * FROM `zz_user` ORDER BY time desc LIMIT 0,8   [ RunTime:0.0012s ]
INFO: [ view_parse ] --START--
INFO: [ template_filter ] --START--
INFO: Run Behavior\ContentReplaceBehavior [ RunTime:0.000651s ]
INFO: [ template_filter ] --END-- [ RunTime:0.001233s ]
INFO: Run Behavior\ParseTemplateBehavior [ RunTime:0.584053s ]
INFO: [ view_parse ] --END-- [ RunTime:0.584372s ]
INFO: [ view_filter ] --START--
INFO: Run Behavior\WriteHtmlCacheBehavior [ RunTime:0.001417s ]
INFO: [ view_filter ] --END-- [ RunTime:0.001680s ]
INFO: [ app_end ] --START--
INFO: Run Behavior\ShowPageTraceBehavior [ RunTime:0.012287s ]
INFO: [ app_end ] --END-- [ RunTime:0.012755s ]

[ 2016-05-14T09:30:06+08:00 ] 127.0.0.1 /institute/index.php/Admin/User/index.html?order=%E6%B3%A8%E5%86%8C%E6%97%B6%E9%97%B4%E6%8E%92%E5%BA%8F&field=account&keyword=tonymb
INFO: [ app_init ] --START--
INFO: Run Behavior\BuildLiteBehavior [ RunTime:0.000024s ]
INFO: [ app_init ] --END-- [ RunTime:0.000577s ]
INFO: [ app_begin ] --START--
INFO: Run Behavior\ReadHtmlCacheBehavior [ RunTime:0.000696s ]
INFO: [ app_begin ] --END-- [ RunTime:0.000792s ]
SQL: SHOW COLUMNS FROM `zz_user` [ RunTime:0.0153s ]
NOTIC: [8] Undefined variable: where D:\phpStudy\WWW\institute\App\Admin\Controller\UserController.class.php 第 22 行.
SQL: SELECT * FROM `zz_user`  [ RunTime:0.0003s ]
INFO: [ view_parse ] --START--
INFO: [ template_filter ] --START--
INFO: Run Behavior\ContentReplaceBehavior [ RunTime:0.000235s ]
INFO: [ template_filter ] --END-- [ RunTime:0.000331s ]
NOTIC: [8] Undefined variable: page D:\phpStudy\WWW\institute\App\Runtime\Cache\Admin\4295d5db477f3199c8db51638416159f.php 第 249 行.
INFO: Run Behavior\ParseTemplateBehavior [ RunTime:0.058523s ]
INFO: [ view_parse ] --END-- [ RunTime:0.058645s ]
INFO: [ view_filter ] --START--
INFO: Run Behavior\WriteHtmlCacheBehavior [ RunTime:0.000311s ]
INFO: [ view_filter ] --END-- [ RunTime:0.000356s ]
INFO: [ app_end ] --START--
INFO: Run Behavior\ShowPageTraceBehavior [ RunTime:0.000950s ]
INFO: [ app_end ] --END-- [ RunTime:0.001124s ]

[ 2016-05-14T09:30:21+08:00 ] 127.0.0.1 /institute/index.php/Admin/User/index.html?order=%E6%B3%A8%E5%86%8C%E6%97%B6%E9%97%B4%E6%8E%92%E5%BA%8F&field=account&keyword=wuliao
INFO: [ app_init ] --START--
INFO: Run Behavior\BuildLiteBehavior [ RunTime:0.000016s ]
INFO: [ app_init ] --END-- [ RunTime:0.000349s ]
INFO: [ app_begin ] --START--
INFO: Run Behavior\ReadHtmlCacheBehavior [ RunTime:0.000500s ]
INFO: [ app_begin ] --END-- [ RunTime:0.000574s ]
SQL: SHOW COLUMNS FROM `zz_user` [ RunTime:0.0133s ]
NOTIC: [8] Undefined variable: where D:\phpStudy\WWW\institute\App\Admin\Controller\UserController.class.php 第 22 行.
SQL: SELECT * FROM `zz_user`  [ RunTime:0.0004s ]
INFO: [ view_parse ] --START--
INFO: [ template_filter ] --START--
INFO: Run Behavior\ContentReplaceBehavior [ RunTime:0.000111s ]
INFO: [ template_filter ] --END-- [ RunTime:0.000167s ]
NOTIC: [8] Undefined variable: page D:\phpStudy\WWW\institute\App\Runtime\Cache\Admin\4295d5db477f3199c8db51638416159f.php 第 249 行.
INFO: Run Behavior\ParseTemplateBehavior [ RunTime:0.059367s ]
INFO: [ view_parse ] --END-- [ RunTime:0.059474s ]
INFO: [ view_filter ] --START--
INFO: Run Behavior\WriteHtmlCacheBehavior [ RunTime:0.000422s ]
INFO: [ view_filter ] --END-- [ RunTime:0.000492s ]
INFO: [ app_end ] --START--
INFO: Run Behavior\ShowPageTraceBehavior [ RunTime:0.000777s ]
INFO: [ app_end ] --END-- [ RunTime:0.000907s ]

[ 2016-05-14T09:30:33+08:00 ] 127.0.0.1 /institute/index.php/Admin/User/index.html?order=%E6%B3%A8%E5%86%8C%E6%97%B6%E9%97%B4%E6%8E%92%E5%BA%8F&field=phone&keyword=1234567
INFO: [ app_init ] --START--
INFO: Run Behavior\BuildLiteBehavior [ RunTime:0.000025s ]
INFO: [ app_init ] --END-- [ RunTime:0.000632s ]
INFO: [ app_begin ] --START--
INFO: Run Behavior\ReadHtmlCacheBehavior [ RunTime:0.000705s ]
INFO: [ app_begin ] --END-- [ RunTime:0.000845s ]
SQL: SHOW COLUMNS FROM `zz_user` [ RunTime:0.0173s ]
NOTIC: [8] Undefined variable: where D:\phpStudy\WWW\institute\App\Admin\Controller\UserController.class.php 第 22 行.
SQL: SELECT * FROM `zz_user`  [ RunTime:0.0004s ]
INFO: [ view_parse ] --START--
INFO: [ template_filter ] --START--
INFO: Run Behavior\ContentReplaceBehavior [ RunTime:0.000183s ]
INFO: [ template_filter ] --END-- [ RunTime:0.000275s ]
NOTIC: [8] Undefined variable: page D:\phpStudy\WWW\institute\App\Runtime\Cache\Admin\4295d5db477f3199c8db51638416159f.php 第 249 行.
INFO: Run Behavior\ParseTemplateBehavior [ RunTime:0.073944s ]
INFO: [ view_parse ] --END-- [ RunTime:0.074036s ]
INFO: [ view_filter ] --START--
INFO: Run Behavior\WriteHtmlCacheBehavior [ RunTime:0.000388s ]
INFO: [ view_filter ] --END-- [ RunTime:0.000452s ]
INFO: [ app_end ] --START--
INFO: Run Behavior\ShowPageTraceBehavior [ RunTime:0.000775s ]
INFO: [ app_end ] --END-- [ RunTime:0.000860s ]

[ 2016-05-14T09:30:38+08:00 ] 127.0.0.1 /institute/index.php/Admin/List/index.html
INFO: [ app_init ] --START--
INFO: Run Behavior\BuildLiteBehavior [ RunTime:0.000066s ]
INFO: [ app_init ] --END-- [ RunTime:0.001880s ]
INFO: [ app_begin ] --START--
INFO: Run Behavior\ReadHtmlCacheBehavior [ RunTime:0.019621s ]
INFO: [ app_begin ] --END-- [ RunTime:0.020033s ]
SQL: SHOW COLUMNS FROM `zz_list` [ RunTime:0.3326s ]
SQL: SELECT COUNT(*) AS tp_count FROM `zz_list` LIMIT 1   [ RunTime:0.0058s ]
SQL: SELECT * FROM `zz_list` ORDER BY time desc LIMIT 0,8   [ RunTime:0.0243s ]
INFO: [ view_parse ] --START--
INFO: [ template_filter ] --START--
INFO: Run Behavior\ContentReplaceBehavior [ RunTime:0.000984s ]
INFO: [ template_filter ] --END-- [ RunTime:0.001549s ]
INFO: Run Behavior\ParseTemplateBehavior [ RunTime:0.423185s ]
INFO: [ view_parse ] --END-- [ RunTime:0.423488s ]
INFO: [ view_filter ] --START--
INFO: Run Behavior\WriteHtmlCacheBehavior [ RunTime:0.001335s ]
INFO: [ view_filter ] --END-- [ RunTime:0.001582s ]
INFO: [ app_end ] --START--
INFO: Run Behavior\ShowPageTraceBehavior [ RunTime:0.005712s ]
INFO: [ app_end ] --END-- [ RunTime:0.009291s ]

[ 2016-05-14T09:30:44+08:00 ] 127.0.0.1 /institute/index.php/Admin/List/index.html?order=%E5%8F%91%E5%B8%83%E6%97%B6%E9%97%B4%E6%8E%92%E5%BA%8F&field=title&keyword=%E5%9C%A8
INFO: [ app_init ] --START--
INFO: Run Behavior\BuildLiteBehavior [ RunTime:0.000084s ]
INFO: [ app_init ] --END-- [ RunTime:0.004707s ]
INFO: [ app_begin ] --START--
INFO: Run Behavior\ReadHtmlCacheBehavior [ RunTime:0.005689s ]
INFO: [ app_begin ] --END-- [ RunTime:0.006077s ]
SQL: SHOW COLUMNS FROM `zz_list` [ RunTime:0.2610s ]
SQL: SELECT * FROM `zz_list` WHERE `title` LIKE '%在%'  [ RunTime:0.0019s ]
INFO: [ view_parse ] --START--
INFO: [ template_filter ] --START--
INFO: Run Behavior\ContentReplaceBehavior [ RunTime:0.001053s ]
INFO: [ template_filter ] --END-- [ RunTime:0.001374s ]
NOTIC: [8] Undefined variable: page D:\phpStudy\WWW\institute\App\Runtime\Cache\Admin\75509d0c35eac8cdd3903e0781c33404.php 第 242 行.
INFO: Run Behavior\ParseTemplateBehavior [ RunTime:0.133093s ]
INFO: [ view_parse ] --END-- [ RunTime:0.133291s ]
INFO: [ view_filter ] --START--
INFO: Run Behavior\WriteHtmlCacheBehavior [ RunTime:0.000429s ]
INFO: [ view_filter ] --END-- [ RunTime:0.000541s ]
INFO: [ app_end ] --START--
INFO: Run Behavior\ShowPageTraceBehavior [ RunTime:0.001138s ]
INFO: [ app_end ] --END-- [ RunTime:0.001340s ]

[ 2016-05-14T09:30:50+08:00 ] 127.0.0.1 /institute/index.php/Admin/Admin/index.html
INFO: [ app_init ] --START--
INFO: Run Behavior\BuildLiteBehavior [ RunTime:0.000124s ]
INFO: [ app_init ] --END-- [ RunTime:0.064186s ]
INFO: [ app_begin ] --START--
INFO: Run Behavior\ReadHtmlCacheBehavior [ RunTime:0.006121s ]
INFO: [ app_begin ] --END-- [ RunTime:0.007855s ]
SQL: SHOW COLUMNS FROM `zz_admin` [ RunTime:0.4166s ]
SQL: SELECT COUNT(*) AS tp_count FROM `zz_admin` LIMIT 1   [ RunTime:0.0010s ]
SQL: SELECT * FROM `zz_admin` ORDER BY id asc LIMIT 0,8   [ RunTime:0.0011s ]
INFO: [ view_parse ] --START--
INFO: [ template_filter ] --START--
INFO: Run Behavior\ContentReplaceBehavior [ RunTime:0.000688s ]
INFO: [ template_filter ] --END-- [ RunTime:0.000960s ]
NOTIC: [8] Undefined index: nick D:\phpStudy\WWW\institute\App\Runtime\Cache\Admin\7d5bae8f2106a04379ef690681e93072.php 第 227 行.
NOTIC: [8] Undefined index: nick D:\phpStudy\WWW\institute\App\Runtime\Cache\Admin\7d5bae8f2106a04379ef690681e93072.php 第 227 行.
NOTIC: [8] Undefined index: nick D:\phpStudy\WWW\institute\App\Runtime\Cache\Admin\7d5bae8f2106a04379ef690681e93072.php 第 227 行.
NOTIC: [8] Undefined index: nick D:\phpStudy\WWW\institute\App\Runtime\Cache\Admin\7d5bae8f2106a04379ef690681e93072.php 第 227 行.
NOTIC: [8] Undefined index: nick D:\phpStudy\WWW\institute\App\Runtime\Cache\Admin\7d5bae8f2106a04379ef690681e93072.php 第 227 行.
NOTIC: [8] Undefined index: nick D:\phpStudy\WWW\institute\App\Runtime\Cache\Admin\7d5bae8f2106a04379ef690681e93072.php 第 227 行.
INFO: Run Behavior\ParseTemplateBehavior [ RunTime:0.564339s ]
INFO: [ view_parse ] --END-- [ RunTime:0.564662s ]
INFO: [ view_filter ] --START--
INFO: Run Behavior\WriteHtmlCacheBehavior [ RunTime:0.002228s ]
INFO: [ view_filter ] --END-- [ RunTime:0.004663s ]
INFO: [ app_end ] --START--
INFO: Run Behavior\ShowPageTraceBehavior [ RunTime:0.005093s ]
INFO: [ app_end ] --END-- [ RunTime:0.005424s ]

[ 2016-05-14T09:30:56+08:00 ] 127.0.0.1 /institute/index.php/Admin/Admin/index.html?field=user&keyword=admin
INFO: [ app_init ] --START--
INFO: Run Behavior\BuildLiteBehavior [ RunTime:0.000022s ]
INFO: [ app_init ] --END-- [ RunTime:0.000544s ]
INFO: [ app_begin ] --START--
INFO: Run Behavior\ReadHtmlCacheBehavior [ RunTime:0.000586s ]
INFO: [ app_begin ] --END-- [ RunTime:0.000663s ]
SQL: SHOW COLUMNS FROM `zz_admin` [ RunTime:0.0566s ]
SQL: SELECT * FROM `zz_admin` WHERE `account` = 'admin'  [ RunTime:0.0011s ]
INFO: [ view_parse ] --START--
INFO: [ template_filter ] --START--
INFO: Run Behavior\ContentReplaceBehavior [ RunTime:0.000680s ]
INFO: [ template_filter ] --END-- [ RunTime:0.000964s ]
NOTIC: [8] Undefined index: nick D:\phpStudy\WWW\institute\App\Runtime\Cache\Admin\7d5bae8f2106a04379ef690681e93072.php 第 227 行.
NOTIC: [8] Undefined variable: page D:\phpStudy\WWW\institute\App\Runtime\Cache\Admin\7d5bae8f2106a04379ef690681e93072.php 第 238 行.
INFO: Run Behavior\ParseTemplateBehavior [ RunTime:0.474482s ]
INFO: [ view_parse ] --END-- [ RunTime:0.474767s ]
INFO: [ view_filter ] --START--
INFO: Run Behavior\WriteHtmlCacheBehavior [ RunTime:0.001666s ]
INFO: [ view_filter ] --END-- [ RunTime:0.002037s ]
INFO: [ app_end ] --START--
INFO: Run Behavior\ShowPageTraceBehavior [ RunTime:0.012043s ]
INFO: [ app_end ] --END-- [ RunTime:0.012636s ]

[ 2016-05-14T09:31:05+08:00 ] 127.0.0.1 /institute/index.php/Admin/User/index.html
INFO: [ app_init ] --START--
INFO: Run Behavior\BuildLiteBehavior [ RunTime:0.000074s ]
INFO: [ app_init ] --END-- [ RunTime:0.004875s ]
INFO: [ app_begin ] --START--
INFO: Run Behavior\ReadHtmlCacheBehavior [ RunTime:0.002327s ]
INFO: [ app_begin ] --END-- [ RunTime:0.002648s ]
SQL: SHOW COLUMNS FROM `zz_user` [ RunTime:0.0158s ]
SQL: SELECT COUNT(*) AS tp_count FROM `zz_user` LIMIT 1   [ RunTime:0.0004s ]
SQL: SELECT * FROM `zz_user` ORDER BY time desc LIMIT 0,8   [ RunTime:0.0004s ]
INFO: [ view_parse ] --START--
INFO: [ template_filter ] --START--
INFO: Run Behavior\ContentReplaceBehavior [ RunTime:0.000173s ]
INFO: [ template_filter ] --END-- [ RunTime:0.000258s ]
INFO: Run Behavior\ParseTemplateBehavior [ RunTime:0.073863s ]
INFO: [ view_parse ] --END-- [ RunTime:0.073955s ]
INFO: [ view_filter ] --START--
INFO: Run Behavior\WriteHtmlCacheBehavior [ RunTime:0.000507s ]
INFO: [ view_filter ] --END-- [ RunTime:0.000583s ]
INFO: [ app_end ] --START--
INFO: Run Behavior\ShowPageTraceBehavior [ RunTime:0.001050s ]
INFO: [ app_end ] --END-- [ RunTime:0.001245s ]

[ 2016-05-14T09:31:24+08:00 ] 127.0.0.1 /institute/index.php/Admin/User/index.html?order=%E6%B3%A8%E5%86%8C%E6%97%B6%E9%97%B4%E6%8E%92%E5%BA%8F&field=email&keyword=%091231229989%40qq.com
INFO: [ app_init ] --START--
INFO: Run Behavior\BuildLiteBehavior [ RunTime:0.000622s ]
INFO: [ app_init ] --END-- [ RunTime:0.064569s ]
INFO: [ app_begin ] --START--
INFO: Run Behavior\ReadHtmlCacheBehavior [ RunTime:0.008527s ]
INFO: [ app_begin ] --END-- [ RunTime:0.008839s ]
SQL: SHOW COLUMNS FROM `zz_user` [ RunTime:0.0142s ]
NOTIC: [8] Undefined variable: where D:\phpStudy\WWW\institute\App\Admin\Controller\UserController.class.php 第 22 行.
SQL: SELECT * FROM `zz_user`  [ RunTime:0.0004s ]
INFO: [ view_parse ] --START--
INFO: [ template_filter ] --START--
INFO: Run Behavior\ContentReplaceBehavior [ RunTime:0.000163s ]
INFO: [ template_filter ] --END-- [ RunTime:0.000252s ]
NOTIC: [8] Undefined variable: page D:\phpStudy\WWW\institute\App\Runtime\Cache\Admin\4295d5db477f3199c8db51638416159f.php 第 249 行.
INFO: Run Behavior\ParseTemplateBehavior [ RunTime:0.073384s ]
INFO: [ view_parse ] --END-- [ RunTime:0.073452s ]
INFO: [ view_filter ] --START--
INFO: Run Behavior\WriteHtmlCacheBehavior [ RunTime:0.000294s ]
INFO: [ view_filter ] --END-- [ RunTime:0.000345s ]
INFO: [ app_end ] --START--
INFO: Run Behavior\ShowPageTraceBehavior [ RunTime:0.000938s ]
INFO: [ app_end ] --END-- [ RunTime:0.001162s ]

[ 2016-05-14T09:31:33+08:00 ] 127.0.0.1 /institute/index.php/Admin/User/index.html?order=%E6%B3%A8%E5%86%8C%E6%97%B6%E9%97%B4%E6%8E%92%E5%BA%8F&field=email&keyword=1231229989%40qq.com
INFO: [ app_init ] --START--
INFO: Run Behavior\BuildLiteBehavior [ RunTime:0.000025s ]
INFO: [ app_init ] --END-- [ RunTime:0.000602s ]
INFO: [ app_begin ] --START--
INFO: Run Behavior\ReadHtmlCacheBehavior [ RunTime:0.001087s ]
INFO: [ app_begin ] --END-- [ RunTime:0.001203s ]
SQL: SHOW COLUMNS FROM `zz_user` [ RunTime:0.0109s ]
NOTIC: [8] Undefined variable: where D:\phpStudy\WWW\institute\App\Admin\Controller\UserController.class.php 第 22 行.
SQL: SELECT * FROM `zz_user`  [ RunTime:0.0004s ]
INFO: [ view_parse ] --START--
INFO: [ template_filter ] --START--
INFO: Run Behavior\ContentReplaceBehavior [ RunTime:0.000185s ]
INFO: [ template_filter ] --END-- [ RunTime:0.000275s ]
NOTIC: [8] Undefined variable: page D:\phpStudy\WWW\institute\App\Runtime\Cache\Admin\4295d5db477f3199c8db51638416159f.php 第 249 行.
INFO: Run Behavior\ParseTemplateBehavior [ RunTime:0.059057s ]
INFO: [ view_parse ] --END-- [ RunTime:0.059137s ]
INFO: [ view_filter ] --START--
INFO: Run Behavior\WriteHtmlCacheBehavior [ RunTime:0.000378s ]
INFO: [ view_filter ] --END-- [ RunTime:0.000445s ]
INFO: [ app_end ] --START--
INFO: Run Behavior\ShowPageTraceBehavior [ RunTime:0.001078s ]
INFO: [ app_end ] --END-- [ RunTime:0.001168s ]

[ 2016-05-14T09:31:39+08:00 ] 127.0.0.1 /institute/index.php/Admin/User/index.html?order=asc&field=account&keyword=
INFO: [ app_init ] --START--
INFO: Run Behavior\BuildLiteBehavior [ RunTime:0.000026s ]
INFO: [ app_init ] --END-- [ RunTime:0.000641s ]
INFO: [ app_begin ] --START--
INFO: Run Behavior\ReadHtmlCacheBehavior [ RunTime:0.000806s ]
INFO: [ app_begin ] --END-- [ RunTime:0.000928s ]
SQL: SHOW COLUMNS FROM `zz_user` [ RunTime:0.0210s ]
SQL: SELECT COUNT(*) AS tp_count FROM `zz_user` LIMIT 1   [ RunTime:0.0003s ]
SQL: SELECT * FROM `zz_user` ORDER BY time asc LIMIT 0,8   [ RunTime:0.0006s ]
INFO: [ view_parse ] --START--
INFO: [ template_filter ] --START--
INFO: Run Behavior\ContentReplaceBehavior [ RunTime:0.000171s ]
INFO: [ template_filter ] --END-- [ RunTime:0.000261s ]
INFO: Run Behavior\ParseTemplateBehavior [ RunTime:0.089845s ]
INFO: [ view_parse ] --END-- [ RunTime:0.089990s ]
INFO: [ view_filter ] --START--
INFO: Run Behavior\WriteHtmlCacheBehavior [ RunTime:0.000604s ]
INFO: [ view_filter ] --END-- [ RunTime:0.000694s ]
INFO: [ app_end ] --START--
INFO: Run Behavior\ShowPageTraceBehavior [ RunTime:0.000924s ]
INFO: [ app_end ] --END-- [ RunTime:0.001045s ]

[ 2016-05-14T09:31:45+08:00 ] 127.0.0.1 /institute/index.php/Admin/User/index.html?order=desc&field=account&keyword=
INFO: [ app_init ] --START--
INFO: Run Behavior\BuildLiteBehavior [ RunTime:0.000023s ]
INFO: [ app_init ] --END-- [ RunTime:0.000559s ]
INFO: [ app_begin ] --START--
INFO: Run Behavior\ReadHtmlCacheBehavior [ RunTime:0.000666s ]
INFO: [ app_begin ] --END-- [ RunTime:0.000763s ]
SQL: SHOW COLUMNS FROM `zz_user` [ RunTime:0.0115s ]
SQL: SELECT COUNT(*) AS tp_count FROM `zz_user` LIMIT 1   [ RunTime:0.0003s ]
SQL: SELECT * FROM `zz_user` ORDER BY time desc LIMIT 0,8   [ RunTime:0.0004s ]
INFO: [ view_parse ] --START--
INFO: [ template_filter ] --START--
INFO: Run Behavior\ContentReplaceBehavior [ RunTime:0.000112s ]
INFO: [ template_filter ] --END-- [ RunTime:0.000172s ]
INFO: Run Behavior\ParseTemplateBehavior [ RunTime:0.058192s ]
INFO: [ view_parse ] --END-- [ RunTime:0.058300s ]
INFO: [ view_filter ] --START--
INFO: Run Behavior\WriteHtmlCacheBehavior [ RunTime:0.000244s ]
INFO: [ view_filter ] --END-- [ RunTime:0.000287s ]
INFO: [ app_end ] --START--
INFO: Run Behavior\ShowPageTraceBehavior [ RunTime:0.000559s ]
INFO: [ app_end ] --END-- [ RunTime:0.000621s ]

[ 2016-05-14T09:31:58+08:00 ] 127.0.0.1 /institute/index.php/Admin/User/index.html?order=%E6%B3%A8%E5%86%8C%E6%97%B6%E9%97%B4%E6%8E%92%E5%BA%8F&field=account&keyword=asd
INFO: [ app_init ] --START--
INFO: Run Behavior\BuildLiteBehavior [ RunTime:0.000078s ]
INFO: [ app_init ] --END-- [ RunTime:0.002155s ]
INFO: [ app_begin ] --START--
INFO: Run Behavior\ReadHtmlCacheBehavior [ RunTime:0.003288s ]
INFO: [ app_begin ] --END-- [ RunTime:0.003587s ]
SQL: SHOW COLUMNS FROM `zz_user` [ RunTime:0.0172s ]
NOTIC: [8] Undefined variable: where D:\phpStudy\WWW\institute\App\Admin\Controller\UserController.class.php 第 22 行.
SQL: SELECT * FROM `zz_user`  [ RunTime:0.0003s ]
INFO: [ view_parse ] --START--
INFO: [ template_filter ] --START--
INFO: Run Behavior\ContentReplaceBehavior [ RunTime:0.000185s ]
INFO: [ template_filter ] --END-- [ RunTime:0.000277s ]
NOTIC: [8] Undefined variable: page D:\phpStudy\WWW\institute\App\Runtime\Cache\Admin\4295d5db477f3199c8db51638416159f.php 第 249 行.
INFO: Run Behavior\ParseTemplateBehavior [ RunTime:0.068592s ]
INFO: [ view_parse ] --END-- [ RunTime:0.068677s ]
INFO: [ view_filter ] --START--
INFO: Run Behavior\WriteHtmlCacheBehavior [ RunTime:0.000805s ]
INFO: [ view_filter ] --END-- [ RunTime:0.000890s ]
INFO: [ app_end ] --START--
INFO: Run Behavior\ShowPageTraceBehavior [ RunTime:0.001479s ]
INFO: [ app_end ] --END-- [ RunTime:0.001582s ]

